<?xml version="1.0" encoding="UTF-8"?>
<testsuite name="unittest_tests.AppTestCase-20240310212205" tests="1" file="unittest_tests.py" time="0.011" timestamp="2024-03-10T21:22:06" failures="0" errors="0" skipped="0">
	<testcase classname="unittest_tests.AppTestCase" name="test_hello_world" time="0.011" timestamp="2024-03-10T21:22:06"/>
</testsuite>
